<?xml version="1.0" encoding="UTF-8"?>
<!-- Generated by org.testng.reporters.JUnitReportReporter -->
<testsuite hostname="DESKTOP-J7DNQ9P" failures="0" tests="1" name="Testcases.TC_001_Login" time="2.594" errors="0" timestamp="2023-10-30T14:27:01 IST" skipped="0">
  <testcase classname="Testcases.TC_001_Login" name="logintest" time="2.594"/>
</testsuite> <!-- Testcases.TC_001_Login -->
